<?xml version="1.0" encoding="UTF-8"?>
<!-- Generated by org.testng.reporters.JUnitReportReporter -->
<testsuite hostname="mayura" failures="0" tests="3" name="com.eq.runner.RunnerTest" time="0.108" errors="0" timestamp="2025-06-26T09:47:38 IST" skipped="0">
  <testcase classname="com.eq.runner.RunnerTest" name="runScenario" time="0.099"/>
  <testcase classname="com.eq.runner.RunnerTest" name="runScenario" time="0.005"/>
  <testcase classname="com.eq.runner.RunnerTest" name="runScenario" time="0.004"/>
</testsuite> <!-- com.eq.runner.RunnerTest -->
