<?xml version="1.0" encoding="UTF-8"?>
<!-- Generated by org.testng.reporters.JUnitReportReporter -->
<testsuite hostname="mayura" failures="0" tests="4" name="com.eq.runner.RunnerTest" time="65.480" errors="0" timestamp="2025-06-27T11:08:56 IST" skipped="0">
  <testcase classname="com.eq.runner.RunnerTest" name="runScenario" time="16.058"/>
  <testcase classname="com.eq.runner.RunnerTest" name="runScenario" time="15.448"/>
  <testcase classname="com.eq.runner.RunnerTest" name="runScenario" time="18.519"/>
  <testcase classname="com.eq.runner.RunnerTest" name="runScenario" time="15.455"/>
</testsuite> <!-- com.eq.runner.RunnerTest -->
