<?xml version="1.0" encoding="UTF-8"?>
<!-- Generated by org.testng.reporters.JUnitReportReporter -->
<testsuite hostname="mayura" failures="0" tests="2" name="com.eq.runner.RunnerTest" time="0.132" errors="0" timestamp="2025-06-26T11:53:39 IST" skipped="0">
  <testcase classname="com.eq.runner.RunnerTest" name="runScenario" time="0.118"/>
  <testcase classname="com.eq.runner.RunnerTest" name="runScenario" time="0.014"/>
</testsuite> <!-- com.eq.runner.RunnerTest -->
