<?xml version="1.0" encoding="UTF-8"?>
<!-- Generated by org.testng.reporters.JUnitReportReporter -->
<testsuite hostname="mayura" failures="0" tests="3" name="com.eq.runner.RunnerTest" time="23.964" errors="0" timestamp="2025-06-26T12:48:59 IST" skipped="0">
  <testcase classname="com.eq.runner.RunnerTest" name="runScenario" time="7.946"/>
  <testcase classname="com.eq.runner.RunnerTest" name="runScenario" time="7.817"/>
  <testcase classname="com.eq.runner.RunnerTest" name="runScenario" time="8.201"/>
</testsuite> <!-- com.eq.runner.RunnerTest -->
