<?xml version="1.0" encoding="UTF-8"?>
<!-- Generated by org.testng.reporters.JUnitReportReporter -->
<testsuite hostname="mayura" failures="0" tests="4" name="com.eq.runner.RunnerTest" time="35.487" errors="0" timestamp="2025-06-29T22:47:54 IST" skipped="0">
  <testcase classname="com.eq.runner.RunnerTest" name="runScenario" time="6.425"/>
  <testcase classname="com.eq.runner.RunnerTest" name="runScenario" time="6.894"/>
  <testcase classname="com.eq.runner.RunnerTest" name="runScenario" time="6.009"/>
  <testcase classname="com.eq.runner.RunnerTest" name="runScenario" time="16.159"/>
</testsuite> <!-- com.eq.runner.RunnerTest -->
